  Formulas.cpp
D:\Progs\VisualSaves\Diplom\Solution\Solution\Formulas.cpp(153,23): warning C4018: <: несоответствие типов со знаком и без знака
D:\Progs\VisualSaves\Diplom\Solution\Solution\Formulas.cpp(316,14): error C2039: "q": не является членом "InitialData".
D:\Progs\VisualSaves\Diplom\Solution\Solution\Header.h(32): message : см. объявление "InitialData"
D:\Progs\VisualSaves\Diplom\Solution\Solution\Formulas.cpp(317,14): error C2039: "q": не является членом "InitialData".
D:\Progs\VisualSaves\Diplom\Solution\Solution\Header.h(32): message : см. объявление "InitialData"
D:\Progs\VisualSaves\Diplom\Solution\Solution\Formulas.cpp(318,14): error C2039: "q": не является членом "InitialData".
D:\Progs\VisualSaves\Diplom\Solution\Solution\Header.h(32): message : см. объявление "InitialData"
D:\Progs\VisualSaves\Diplom\Solution\Solution\Formulas.cpp(319,14): error C2039: "q": не является членом "InitialData".
D:\Progs\VisualSaves\Diplom\Solution\Solution\Header.h(32): message : см. объявление "InitialData"
D:\Progs\VisualSaves\Diplom\Solution\Solution\Formulas.cpp(320,14): error C2039: "q": не является членом "InitialData".
D:\Progs\VisualSaves\Diplom\Solution\Solution\Header.h(32): message : см. объявление "InitialData"
D:\Progs\VisualSaves\Diplom\Solution\Solution\Formulas.cpp(321,14): error C2039: "q": не является членом "InitialData".
D:\Progs\VisualSaves\Diplom\Solution\Solution\Header.h(32): message : см. объявление "InitialData"
D:\Progs\VisualSaves\Diplom\Solution\Solution\Formulas.cpp(322,14): error C2039: "q": не является членом "InitialData".
D:\Progs\VisualSaves\Diplom\Solution\Solution\Header.h(32): message : см. объявление "InitialData"
D:\Progs\VisualSaves\Diplom\Solution\Solution\Formulas.cpp(323,14): error C2039: "q": не является членом "InitialData".
D:\Progs\VisualSaves\Diplom\Solution\Solution\Header.h(32): message : см. объявление "InitialData"
D:\Progs\VisualSaves\Diplom\Solution\Solution\Formulas.cpp(333,39): error C2664: "void calc_local_M(LocalArea,double **)": невозможно преобразовать аргумент 2 из "double [8][8]" в "double **"
D:\Progs\VisualSaves\Diplom\Solution\Solution\Formulas.cpp(333,38): message : Типы, на которые указывают указатели, не связаны; для преобразования требуется reinterpret_cast, приведение в стиле С или приведение в стиле функции
D:\Progs\VisualSaves\Diplom\Solution\Solution\LocalSolution.h(23,6): message : см. объявление "calc_local_M"
D:\Progs\VisualSaves\Diplom\Solution\Solution\Formulas.cpp(336,39): error C2664: "void calc_local_G(LocalArea,double **)": невозможно преобразовать аргумент 2 из "double [8][8]" в "double **"
D:\Progs\VisualSaves\Diplom\Solution\Solution\Formulas.cpp(336,38): message : Типы, на которые указывают указатели, не связаны; для преобразования требуется reinterpret_cast, приведение в стиле С или приведение в стиле функции
D:\Progs\VisualSaves\Diplom\Solution\Solution\LocalSolution.h(25,6): message : см. объявление "calc_local_G"
D:\Progs\VisualSaves\Diplom\Solution\Solution\Formulas.cpp(365,39): error C2664: "void calc_local_G(LocalArea,double **)": невозможно преобразовать аргумент 2 из "double [8][8]" в "double **"
D:\Progs\VisualSaves\Diplom\Solution\Solution\Formulas.cpp(365,38): message : Типы, на которые указывают указатели, не связаны; для преобразования требуется reinterpret_cast, приведение в стиле С или приведение в стиле функции
D:\Progs\VisualSaves\Diplom\Solution\Solution\LocalSolution.h(25,6): message : см. объявление "calc_local_G"
D:\Progs\VisualSaves\Diplom\Solution\Solution\Formulas.cpp(415,29): error C2664: "void calc_global_F(InitialData *,double)": невозможно преобразовать аргумент 2 из "void (__cdecl *)(Knot,double)" в "double"
D:\Progs\VisualSaves\Diplom\Solution\Solution\Formulas.cpp(415,25): message : Контекст не позволяет устранить неоднозначность перегруженной функции
D:\Progs\VisualSaves\Diplom\Solution\Solution\Header.h(63,6): message : см. объявление "calc_global_F"
D:\Progs\VisualSaves\Diplom\Solution\Solution\Formulas.cpp(468,63): error C2109: для индекса требуется массив или указатель
D:\Progs\VisualSaves\Diplom\Solution\Solution\Formulas.cpp(469,31): warning C4018: <: несоответствие типов со знаком и без знака
D:\Progs\VisualSaves\Diplom\Solution\Solution\Formulas.cpp(507,34): warning C4244: инициализация: преобразование "double" в "unsigned int", возможна потеря данных
  Hexagon.cpp
D:\Progs\VisualSaves\Diplom\Solution\Solution\IntegrationFunc.cpp(59,57): error C2065: cX: необъявленный идентификатор
D:\Progs\VisualSaves\Diplom\Solution\Solution\IntegrationFunc.cpp(59,71): error C2065: hX: необъявленный идентификатор
D:\Progs\VisualSaves\Diplom\Solution\Solution\IntegrationFunc.cpp(59,75): error C2065: cY: необъявленный идентификатор
D:\Progs\VisualSaves\Diplom\Solution\Solution\IntegrationFunc.cpp(59,89): error C2065: hY: необъявленный идентификатор
D:\Progs\VisualSaves\Diplom\Solution\Solution\IntegrationFunc.cpp(59,93): error C2065: cZ: необъявленный идентификатор
D:\Progs\VisualSaves\Diplom\Solution\Solution\IntegrationFunc.cpp(59,107): error C2065: hZ: необъявленный идентификатор
D:\Progs\VisualSaves\Diplom\Solution\Solution\Hexagon.cpp(19,42): error C2665: Integrate: ни одна из 2 перегрузок не может преобразовать все типы аргументов
D:\Progs\VisualSaves\Diplom\Solution\Solution\IntegrationFunc.cpp(38,8): message : может быть "double Integrate(std::function<double (std::vector<double,std::allocator<double>>,int,int)>,int,int)"
D:\Progs\VisualSaves\Diplom\Solution\Solution\Hexagon.cpp(19,42): message : при попытке сопоставить список аргументов "(std::function<double (double,double,double,int,int)>, int, int)"
D:\Progs\VisualSaves\Diplom\Solution\Solution\Hexagon.cpp(31,42): error C2665: Integrate: ни одна из 2 перегрузок не может преобразовать все типы аргументов
D:\Progs\VisualSaves\Diplom\Solution\Solution\IntegrationFunc.cpp(38,8): message : может быть "double Integrate(std::function<double (std::vector<double,std::allocator<double>>,int,int)>,int,int)"
D:\Progs\VisualSaves\Diplom\Solution\Solution\Hexagon.cpp(31,42): message : при попытке сопоставить список аргументов "(std::function<double (double,double,double,int,int)>, int, int)"
  IntegrationFunc.cpp
D:\Progs\VisualSaves\Diplom\Solution\Solution\IntegrationFunc.cpp(59,57): error C2065: cX: необъявленный идентификатор
D:\Progs\VisualSaves\Diplom\Solution\Solution\IntegrationFunc.cpp(59,71): error C2065: hX: необъявленный идентификатор
D:\Progs\VisualSaves\Diplom\Solution\Solution\IntegrationFunc.cpp(59,75): error C2065: cY: необъявленный идентификатор
D:\Progs\VisualSaves\Diplom\Solution\Solution\IntegrationFunc.cpp(59,89): error C2065: hY: необъявленный идентификатор
D:\Progs\VisualSaves\Diplom\Solution\Solution\IntegrationFunc.cpp(59,93): error C2065: cZ: необъявленный идентификатор
D:\Progs\VisualSaves\Diplom\Solution\Solution\IntegrationFunc.cpp(59,107): error C2065: hZ: необъявленный идентификатор
  LocalSolution.cpp
D:\Progs\VisualSaves\Diplom\Solution\Solution\LocalSolution.cpp(21,28): error C3861: d_phi: идентификатор не найден
D:\Progs\VisualSaves\Diplom\Solution\Solution\LocalSolution.cpp(34,27): error C3861: d_phi: идентификатор не найден
D:\Progs\VisualSaves\Diplom\Solution\Solution\LocalSolution.cpp(34,58): error C3861: d_phi: идентификатор не найден
D:\Progs\VisualSaves\Diplom\Solution\Solution\LocalSolution.cpp(34,89): error C3861: d_phi: идентификатор не найден
  Source.cpp
D:\Progs\VisualSaves\Diplom\Solution\Solution\Source.cpp(23,39): error C2660: calc_global_A: функция не принимает 2 аргументов
D:\Progs\VisualSaves\Diplom\Solution\Solution\Header.h(61,6): message : см. объявление "calc_global_A"
D:\Progs\VisualSaves\Diplom\Solution\Solution\Source.cpp(24,33): error C2660: calc_global_d: функция не принимает 2 аргументов
D:\Progs\VisualSaves\Diplom\Solution\Solution\Header.h(64,6): message : см. объявление "calc_global_d"
  Triangle.cpp
D:\Progs\VisualSaves\Diplom\Solution\Solution\IntegrationFunc.cpp(59,57): error C2065: cX: необъявленный идентификатор
D:\Progs\VisualSaves\Diplom\Solution\Solution\IntegrationFunc.cpp(59,71): error C2065: hX: необъявленный идентификатор
D:\Progs\VisualSaves\Diplom\Solution\Solution\IntegrationFunc.cpp(59,75): error C2065: cY: необъявленный идентификатор
D:\Progs\VisualSaves\Diplom\Solution\Solution\IntegrationFunc.cpp(59,89): error C2065: hY: необъявленный идентификатор
D:\Progs\VisualSaves\Diplom\Solution\Solution\IntegrationFunc.cpp(59,93): error C2065: cZ: необъявленный идентификатор
D:\Progs\VisualSaves\Diplom\Solution\Solution\IntegrationFunc.cpp(59,107): error C2065: hZ: необъявленный идентификатор
  TriangularPrism.cpp
D:\Progs\VisualSaves\Diplom\Solution\Solution\IntegrationFunc.cpp(59,57): error C2065: cX: необъявленный идентификатор
D:\Progs\VisualSaves\Diplom\Solution\Solution\IntegrationFunc.cpp(59,71): error C2065: hX: необъявленный идентификатор
D:\Progs\VisualSaves\Diplom\Solution\Solution\IntegrationFunc.cpp(59,75): error C2065: cY: необъявленный идентификатор
D:\Progs\VisualSaves\Diplom\Solution\Solution\IntegrationFunc.cpp(59,89): error C2065: hY: необъявленный идентификатор
D:\Progs\VisualSaves\Diplom\Solution\Solution\IntegrationFunc.cpp(59,93): error C2065: cZ: необъявленный идентификатор
D:\Progs\VisualSaves\Diplom\Solution\Solution\IntegrationFunc.cpp(59,107): error C2065: hZ: необъявленный идентификатор
  vectorInteractions.cpp
  Создание кода...
D:\Progs\VisualSaves\Diplom\Solution\Solution\vectorInteractions.cpp(43): warning C4715: CalcDetMatrix: значение возвращается не при всех путях выполнения
D:\Progs\VisualSaves\Diplom\Solution\Solution\vectorInteractions.cpp(18): error C4716: MultMatrByVect: должна возвращать значение
